15:51:14.845  INFO   [AGENT] Enviando requisicao para o modelo...
15:51:18.318  INFO   [AGENT] Resposta do modelo recebida
15:51:18.953  INFO   [AGENT] Tool calls detectadas: 1
15:51:18.953  INFO   [AGENT] Executando tool:
15:51:18.954  INFO   [AGENT] Nome: execute_python
15:51:19.155  INFO   [AGENT] Enviando requisicao para o modelo...
15:51:28.260  INFO   [AGENT] Resposta do modelo recebida
15:51:28.898  INFO   [AGENT] Tool calls detectadas: 1
15:51:28.900  INFO   [AGENT] Executando tool:
15:51:28.902  INFO   [AGENT] Nome: execute_python
15:51:29.077  INFO   [AGENT] Enviando requisicao para o modelo...
15:51:32.256  INFO   [AGENT] Resposta do modelo recebida
15:51:32.902  INFO   [AGENT] Tool calls detectadas: 1
15:51:32.903  INFO   [AGENT] Executando tool:
15:51:32.904  INFO   [AGENT] Nome: execute_python
15:51:33.069  INFO   [AGENT] Enviando requisicao para o modelo...
15:51:37.735  INFO   [AGENT] Resposta do modelo recebida
15:51:38.055  INFO   [AGENT] Tool calls detectadas: 1
15:51:38.057  INFO   [AGENT] Executando tool:
15:51:38.058  INFO   [AGENT] Nome: execute_python
15:51:38.224  INFO   [AGENT] Enviando requisicao para o modelo...
15:51:41.389  INFO   [AGENT] Resposta do modelo recebida
15:51:41.704  INFO   [AGENT] Tool calls detectadas: 1
15:51:41.705  INFO   [AGENT] Executando tool:
15:51:41.706  INFO   [AGENT] Nome: execute_python
