[2026-06-01T00:00:12.995Z] [INFO] [2026-06-01T00:00:12.994Z] [INFO] [SkillsManager] 3 skills carregadas de C:\Developer\colabor-ai\skills
[2026-06-01T00:00:12.997Z] [INFO] [2026-06-01T00:00:12.996Z] [INFO] [SkillsManager] Skills relevantes: communication (score: 0.35), web-search (score: 0.25), python-dev (score: 0.20)
[2026-06-01T00:00:18.781Z] [INFO] [2026-06-01T00:00:18.781Z] [INFO] [SkillsManager] Skills relevantes: communication (score: 0.35), web-search (score: 0.25), python-dev (score: 0.20)
[2026-06-01T00:00:35.051Z] [INFO] [2026-06-01T00:00:35.049Z] [INFO] [SkillsManager] Skills relevantes: communication (score: 0.35), web-search (score: 0.25), python-dev (score: 0.20)
[2026-06-01T00:00:36.812Z] [INFO] [2026-06-01T00:00:36.811Z] [INFO] [SkillsManager] Skills relevantes: communication (score: 0.35), web-search (score: 0.25), python-dev (score: 0.20)
[2026-06-01T00:00:41.399Z] [INFO] [2026-06-01T00:00:41.398Z] [INFO] [Memory] Nota adicionada a 2026-05-31.md
[2026-06-01T00:01:19.482Z] [INFO] [2026-06-01T00:01:19.482Z] [INFO] [SkillsManager] 3 skills carregadas de C:\Developer\colabor-ai\skills
[2026-06-01T00:01:19.484Z] [INFO] [2026-06-01T00:01:19.483Z] [INFO] [SkillsManager] Skills relevantes: communication (score: 0.35), web-search (score: 0.25), python-dev (score: 0.20)
[2026-06-01T00:01:25.004Z] [INFO] [2026-06-01T00:01:25.001Z] [INFO] [SkillsManager] Skills relevantes: communication (score: 0.35), web-search (score: 0.25), python-dev (score: 0.20)
[2026-06-01T00:01:34.421Z] [INFO] [2026-06-01T00:01:34.419Z] [INFO] [SkillsManager] Skills relevantes: communication (score: 0.35), web-search (score: 0.25), python-dev (score: 0.20)
[2026-06-01T00:01:36.011Z] [INFO] [2026-06-01T00:01:36.010Z] [INFO] [SkillsManager] Skills relevantes: communication (score: 0.35), web-search (score: 0.25), python-dev (score: 0.20)
[2026-06-01T00:01:44.603Z] [INFO] [2026-06-01T00:01:44.602Z] [INFO] [Memory] Nota adicionada a 2026-05-31.md
[2026-06-01T00:03:56.598Z] [INFO] [2026-06-01T00:03:56.598Z] [INFO] [SkillsManager] 3 skills carregadas de C:\Developer\colabor-ai\skills
[2026-06-01T00:03:56.600Z] [INFO] [2026-06-01T00:03:56.599Z] [INFO] [SkillsManager] Skills relevantes: communication (score: 0.35), web-search (score: 0.25), python-dev (score: 0.20)
[2026-06-01T00:04:05.198Z] [INFO] [2026-06-01T00:04:05.197Z] [INFO] [SkillsManager] Skills relevantes: communication (score: 0.35), web-search (score: 0.25), python-dev (score: 0.20)
[2026-06-01T00:04:27.245Z] [INFO] [2026-06-01T00:04:27.239Z] [INFO] [SkillsManager] 3 skills carregadas de C:\Developer\colabor-ai\skills
[2026-06-01T00:04:27.250Z] [INFO] [2026-06-01T00:04:27.247Z] [INFO] [SkillsManager] Skills relevantes: communication (score: 0.35), web-search (score: 0.25), python-dev (score: 0.20)
[2026-06-01T00:04:29.069Z] [INFO] [2026-06-01T00:04:29.068Z] [INFO] [SkillsManager] Skills relevantes: communication (score: 0.35), web-search (score: 0.25), python-dev (score: 0.20)
[2026-06-01T00:04:34.875Z] [INFO] [2026-06-01T00:04:34.872Z] [INFO] [SkillsManager] Skills relevantes: communication (score: 0.35), web-search (score: 0.25), python-dev (score: 0.20)
[2026-06-01T00:04:43.323Z] [INFO] [2026-06-01T00:04:43.322Z] [INFO] [SkillsManager] Skills relevantes: communication (score: 0.35), web-search (score: 0.25), python-dev (score: 0.20)
[2026-06-01T00:04:44.818Z] [INFO] [2026-06-01T00:04:44.817Z] [INFO] [SkillsManager] Skills relevantes: communication (score: 0.35), web-search (score: 0.25), python-dev (score: 0.20)
[2026-06-01T00:04:48.683Z] [INFO] [2026-06-01T00:04:48.682Z] [INFO] [Memory] Nota adicionada a 2026-05-31.md
[2026-06-01T00:05:25.512Z] [INFO] [2026-06-01T00:05:25.511Z] [INFO] [SkillsManager] 3 skills carregadas de C:\Developer\colabor-ai\skills
[2026-06-01T00:05:25.513Z] [INFO] [2026-06-01T00:05:25.513Z] [INFO] [SkillsManager] Skills relevantes: communication (score: 0.35), web-search (score: 0.25), python-dev (score: 0.20)
[2026-06-01T00:05:30.047Z] [INFO] [2026-06-01T00:05:30.046Z] [INFO] [SkillsManager] Skills relevantes: communication (score: 0.35), web-search (score: 0.25), python-dev (score: 0.20)
[2026-06-01T00:05:44.837Z] [INFO] [2026-06-01T00:05:44.832Z] [INFO] [SkillsManager] Skills relevantes: communication (score: 0.35), web-search (score: 0.25), python-dev (score: 0.20)
[2026-06-01T00:05:46.319Z] [INFO] [2026-06-01T00:05:46.319Z] [INFO] [SkillsManager] Skills relevantes: communication (score: 0.35), web-search (score: 0.25), python-dev (score: 0.20)
[2026-06-01T00:05:56.195Z] [INFO] [2026-06-01T00:05:56.194Z] [INFO] [SkillsManager] 3 skills carregadas de C:\Developer\colabor-ai\skills
[2026-06-01T00:05:56.197Z] [INFO] [2026-06-01T00:05:56.196Z] [INFO] [SkillsManager] Skills relevantes: communication (score: 0.35), web-search (score: 0.25), python-dev (score: 0.20)
[2026-06-01T00:06:02.858Z] [INFO] [2026-06-01T00:06:02.856Z] [INFO] [SkillsManager] Skills relevantes: communication (score: 0.35), web-search (score: 0.25), python-dev (score: 0.20)
[2026-06-01T00:06:04.425Z] [INFO] [2026-06-01T00:06:04.424Z] [INFO] [SkillsManager] Skills relevantes: communication (score: 0.35), web-search (score: 0.25), python-dev (score: 0.20)
[2026-06-01T00:06:09.344Z] [INFO] [2026-06-01T00:06:09.343Z] [INFO] [Memory] Nota adicionada a 2026-05-31.md
[2026-06-01T00:06:44.159Z] [INFO] [2026-06-01T00:06:44.158Z] [INFO] [SkillsManager] 3 skills carregadas de C:\Developer\colabor-ai\skills
[2026-06-01T00:06:44.161Z] [INFO] [2026-06-01T00:06:44.160Z] [INFO] [SkillsManager] Skills relevantes: communication (score: 0.35), web-search (score: 0.25), python-dev (score: 0.20)
[2026-06-01T00:06:50.590Z] [INFO] [2026-06-01T00:06:50.590Z] [INFO] [SkillsManager] Skills relevantes: communication (score: 0.35), web-search (score: 0.25), python-dev (score: 0.20)
[2026-06-01T00:07:10.694Z] [INFO] [2026-06-01T00:07:10.692Z] [INFO] [SkillsManager] Skills relevantes: communication (score: 0.35), web-search (score: 0.25), python-dev (score: 0.20)
[2026-06-01T00:07:12.215Z] [INFO] [2026-06-01T00:07:12.214Z] [INFO] [SkillsManager] Skills relevantes: communication (score: 0.35), web-search (score: 0.25), python-dev (score: 0.20)
[2026-06-01T00:07:17.774Z] [INFO] [2026-06-01T00:07:17.771Z] [INFO] [Memory] Nota adicionada a 2026-05-31.md
[2026-06-01T00:08:53.664Z] [INFO] [2026-06-01T00:08:53.663Z] [INFO] [SkillsManager] 3 skills carregadas de C:\Developer\colabor-ai\skills
[2026-06-01T00:08:53.665Z] [INFO] [2026-06-01T00:08:53.664Z] [INFO] [SkillsManager] Skills relevantes: communication (score: 0.35), web-search (score: 0.25), python-dev (score: 0.20)
[2026-06-01T00:08:59.547Z] [INFO] [2026-06-01T00:08:59.546Z] [INFO] [SkillsManager] Skills relevantes: communication (score: 0.35), web-search (score: 0.25), python-dev (score: 0.20)
[2026-06-01T00:09:19.832Z] [INFO] [2026-06-01T00:09:19.830Z] [INFO] [SkillsManager] Skills relevantes: communication (score: 0.35), web-search (score: 0.25), python-dev (score: 0.20)
[2026-06-01T00:09:21.465Z] [INFO] [2026-06-01T00:09:21.463Z] [INFO] [SkillsManager] Skills relevantes: communication (score: 0.35), web-search (score: 0.25), python-dev (score: 0.20)
[2026-06-01T00:09:32.758Z] [INFO] [2026-06-01T00:09:32.757Z] [INFO] [SkillsManager] 3 skills carregadas de C:\Developer\colabor-ai\skills
[2026-06-01T00:09:32.759Z] [INFO] [2026-06-01T00:09:32.758Z] [INFO] [SkillsManager] Skills relevantes: communication (score: 0.35), web-search (score: 0.25), python-dev (score: 0.20)
[2026-06-01T00:09:38.708Z] [INFO] [2026-06-01T00:09:38.706Z] [INFO] [SkillsManager] Skills relevantes: communication (score: 0.35), web-search (score: 0.25), python-dev (score: 0.20)
[2026-06-01T00:09:40.147Z] [INFO] [2026-06-01T00:09:40.146Z] [INFO] [SkillsManager] Skills relevantes: communication (score: 0.35), web-search (score: 0.25), python-dev (score: 0.20)
[2026-06-01T00:09:45.240Z] [INFO] [2026-06-01T00:09:45.239Z] [INFO] [Memory] Nota adicionada a 2026-05-31.md
[2026-06-01T00:33:27.031Z] [INFO] [2026-06-01T00:33:27.031Z] [INFO] [SkillsManager] 3 skills carregadas de C:\Developer\colabor-ai\skills
[2026-06-01T00:33:27.032Z] [INFO] [2026-06-01T00:33:27.032Z] [INFO] [SkillsManager] Skills relevantes: communication (score: 0.35), web-search (score: 0.25), python-dev (score: 0.20)
[2026-06-01T00:33:35.304Z] [INFO] [2026-06-01T00:33:35.303Z] [INFO] [SkillsManager] Skills relevantes: communication (score: 0.35), web-search (score: 0.25), python-dev (score: 0.20)
[2026-06-01T00:33:48.482Z] [INFO] [2026-06-01T00:33:48.481Z] [INFO] [SkillsManager] Skills relevantes: communication (score: 0.35), web-search (score: 0.25), python-dev (score: 0.20)
[2026-06-01T00:34:03.380Z] [INFO] [2026-06-01T00:34:03.379Z] [INFO] [SkillsManager] 3 skills carregadas de C:\Developer\colabor-ai\skills
[2026-06-01T00:34:03.381Z] [INFO] [2026-06-01T00:34:03.380Z] [INFO] [SkillsManager] Skills relevantes: communication (score: 0.35), web-search (score: 0.25), python-dev (score: 0.20)
[2026-06-01T00:34:08.519Z] [INFO] [2026-06-01T00:34:08.518Z] [INFO] [WebSearch] Searching: "Brasil x Panamá jogo notícias 2026"
[2026-06-01T00:34:13.396Z] [INFO] [2026-06-01T00:34:13.395Z] [INFO] [WebSearch] Searching: ""Brasil" "Panamá" futebol jogo resultado placar"
[2026-06-01T00:34:13.520Z] [INFO] [2026-06-01T00:34:13.518Z] [INFO] [WebSearch] Searching: "Brazil Panama soccer match news result 2026"
[2026-06-01T00:34:57.904Z] [INFO] [2026-06-01T00:34:57.903Z] [INFO] [SkillsManager] 3 skills carregadas de C:\Developer\colabor-ai\skills
[2026-06-01T00:34:57.906Z] [INFO] [2026-06-01T00:34:57.905Z] [INFO] [SkillsManager] Skills relevantes: communication (score: 0.35), web-search (score: 0.25), python-dev (score: 0.20)
[2026-06-01T00:34:59.965Z] [INFO] [2026-06-01T00:34:59.963Z] [INFO] [SkillsManager] Skills relevantes: communication (score: 0.35), web-search (score: 0.25), python-dev (score: 0.20)
[2026-06-01T00:35:10.364Z] [INFO] [2026-06-01T00:35:10.363Z] [INFO] [SkillsManager] Skills relevantes: communication (score: 0.35), web-search (score: 0.25), python-dev (score: 0.20)
[2026-06-01T00:35:22.934Z] [INFO] [2026-06-01T00:35:22.932Z] [INFO] [SkillsManager] Skills relevantes: communication (score: 0.35), web-search (score: 0.25), python-dev (score: 0.20)
[2026-06-01T00:35:24.717Z] [INFO] [2026-06-01T00:35:24.716Z] [INFO] [SkillsManager] Skills relevantes: communication (score: 0.35), web-search (score: 0.25), python-dev (score: 0.20)
[2026-06-01T00:35:36.980Z] [INFO] [2026-06-01T00:35:36.978Z] [INFO] [Memory] Nota adicionada a 2026-05-31.md
[2026-06-01T00:36:22.053Z] [INFO] [2026-06-01T00:36:22.052Z] [INFO] [SkillsManager] 3 skills carregadas de C:\Developer\colabor-ai\skills
[2026-06-01T00:36:22.054Z] [INFO] [2026-06-01T00:36:22.053Z] [INFO] [SkillsManager] Skills relevantes: communication (score: 0.35), web-search (score: 0.25), python-dev (score: 0.20)
[2026-06-01T00:36:36.858Z] [INFO] [2026-06-01T00:36:36.857Z] [INFO] [SkillsManager] Skills relevantes: communication (score: 0.35), web-search (score: 0.25), python-dev (score: 0.20)
[2026-06-01T00:39:09.327Z] [INFO] [2026-06-01T00:39:09.327Z] [INFO] [WebSearch] Searching: "Brasil 6 a 2 Panamá gols autores minuto Casemiro Rayan Endrick Vini Jr Maracanã 2026"
[2026-06-01T00:39:09.871Z] [INFO] [2026-06-01T00:39:09.870Z] [INFO] [WebSearch] Searching: "novas regras Copa do Mundo FIFA 2026 testadas Brasil Panamá amistoso"
[2026-06-01T00:39:57.355Z] [INFO] [2026-06-01T00:39:57.354Z] [INFO] [WebSearch] Searching: "site:esportes.r7.com Brasil Panamá novas regras Copa do Mundo 2026"
[2026-06-01T00:40:25.654Z] [INFO] [2026-06-01T00:40:25.653Z] [INFO] [SkillsManager] 3 skills carregadas de C:\Developer\colabor-ai\skills
[2026-06-01T00:40:25.663Z] [INFO] [2026-06-01T00:40:25.657Z] [INFO] [SkillsManager] Skills relevantes: communication (score: 0.35), web-search (score: 0.25), python-dev (score: 0.20)
[2026-06-01T00:40:27.805Z] [INFO] [2026-06-01T00:40:27.803Z] [INFO] [SkillsManager] Skills relevantes: communication (score: 0.35), web-search (score: 0.25), python-dev (score: 0.20)
[2026-06-01T00:40:41.027Z] [INFO] [2026-06-01T00:40:41.026Z] [INFO] [SkillsManager] Skills relevantes: communication (score: 0.35), web-search (score: 0.25), python-dev (score: 0.20)
[2026-06-01T00:41:02.933Z] [INFO] [2026-06-01T00:41:02.932Z] [INFO] [SkillsManager] 3 skills carregadas de C:\Developer\colabor-ai\skills
[2026-06-01T00:41:02.936Z] [INFO] [2026-06-01T00:41:02.935Z] [INFO] [SkillsManager] Skills relevantes: communication (score: 0.35), web-search (score: 0.25), python-dev (score: 0.20)
[2026-06-01T00:41:05.011Z] [INFO] [2026-06-01T00:41:05.008Z] [INFO] [SkillsManager] Skills relevantes: communication (score: 0.35), web-search (score: 0.25), python-dev (score: 0.20)
[2026-06-01T00:41:15.794Z] [INFO] [2026-06-01T00:41:15.792Z] [INFO] [Memory] Nota adicionada a 2026-05-31.md
[2026-06-01T00:45:24.624Z] [INFO] [2026-06-01T00:45:24.622Z] [INFO] [Permissions] Agent "assistant" level set to network
[2026-06-01T00:45:24.625Z] [INFO] [2026-06-01T00:45:24.625Z] [INFO] [Permissions] Agent "python_code" level set to file_write
[2026-06-01T00:45:24.626Z] [INFO] [2026-06-01T00:45:24.625Z] [INFO] [Permissions] Agent "browser" level set to network
[2026-06-01T00:45:24.627Z] [INFO] [2026-06-01T00:45:24.626Z] [INFO] [Permissions] Agent "shell" level set to shell
[2026-06-01T00:45:24.627Z] [INFO] [2026-06-01T00:45:24.627Z] [INFO] [Permissions] Agent "writer" level set to file_write
[2026-06-01T00:45:24.628Z] [INFO] [2026-06-01T00:45:24.628Z] [INFO] [Permissions] Agent "task_manager" level set to file_write
[2026-06-01T00:45:24.636Z] [INFO] [2026-06-01T00:45:24.636Z] [INFO] [Telegram] Multi-Agent iniciado.
[2026-06-01T00:45:31.780Z] [INFO] [2026-06-01T00:45:31.779Z] [INFO] [SkillsManager] 3 skills carregadas de C:\Developer\colabor-ai\skills
[2026-06-01T00:45:31.782Z] [INFO] [2026-06-01T00:45:31.781Z] [INFO] [SkillsManager] Skills relevantes: communication (score: 0.35), web-search (score: 0.25), python-dev (score: 0.20)
[2026-06-01T00:45:35.564Z] [INFO] [2026-06-01T00:45:35.561Z] [INFO] [TokenCounter] Encoder 'cl100k_base' inicializado
[2026-06-01T00:45:35.627Z] [INFO] [2026-06-01T00:45:35.626Z] [INFO] [SkillsManager] Skills relevantes: communication (score: 0.35), web-search (score: 0.25), python-dev (score: 0.20)
[2026-06-01T00:45:38.490Z] [INFO] [2026-06-01T00:45:38.489Z] [INFO] [SkillsManager] Skills relevantes: communication (score: 0.35), web-search (score: 0.25), python-dev (score: 0.20)
[2026-06-01T00:45:40.019Z] [INFO] [2026-06-01T00:45:40.019Z] [INFO] [SkillsManager] Skills relevantes: communication (score: 0.35), web-search (score: 0.25), python-dev (score: 0.20)
[2026-06-01T00:45:42.334Z] [INFO] [2026-06-01T00:45:42.333Z] [INFO] [Memory] Nota adicionada a 2026-05-31.md
[2026-06-01T00:46:03.471Z] [INFO] [2026-06-01T00:46:03.470Z] [INFO] [SkillsManager] 3 skills carregadas de C:\Developer\colabor-ai\skills
[2026-06-01T00:46:03.473Z] [INFO] [2026-06-01T00:46:03.472Z] [INFO] [SkillsManager] Skills relevantes: communication (score: 0.35), web-search (score: 0.25), python-dev (score: 0.20)
[2026-06-01T00:46:07.870Z] [INFO] [2026-06-01T00:46:07.870Z] [INFO] [SkillsManager] Skills relevantes: communication (score: 0.35), web-search (score: 0.25), python-dev (score: 0.20)
[2026-06-01T00:46:16.418Z] [INFO] [2026-06-01T00:46:16.415Z] [INFO] [SkillsManager] Skills relevantes: communication (score: 0.35), web-search (score: 0.25), python-dev (score: 0.20)
[2026-06-01T00:46:21.233Z] [INFO] [2026-06-01T00:46:21.232Z] [INFO] [SkillsManager] Skills relevantes: communication (score: 0.35), web-search (score: 0.25), python-dev (score: 0.20)
[2026-06-01T00:46:42.339Z] [INFO] [2026-06-01T00:46:42.338Z] [INFO] [SkillsManager] 3 skills carregadas de C:\Developer\colabor-ai\skills
[2026-06-01T00:46:42.341Z] [INFO] [2026-06-01T00:46:42.340Z] [INFO] [SkillsManager] Skills relevantes: communication (score: 0.35), web-search (score: 0.25), python-dev (score: 0.20)
[2026-06-01T00:46:44.010Z] [INFO] [2026-06-01T00:46:44.010Z] [INFO] [SkillsManager] Skills relevantes: communication (score: 0.35), web-search (score: 0.25), python-dev (score: 0.20)
[2026-06-01T00:46:52.746Z] [INFO] [2026-06-01T00:46:52.745Z] [INFO] [SkillsManager] Skills relevantes: communication (score: 0.35), web-search (score: 0.25), python-dev (score: 0.20)
[2026-06-01T00:46:55.969Z] [INFO] [2026-06-01T00:46:55.964Z] [INFO] [WebSearch] Searching: "Brasil vs Panamá fútbol noticias site:prensa.com"
[2026-06-01T00:46:56.328Z] [INFO] [2026-06-01T00:46:56.325Z] [INFO] [WebSearch] Searching: "Brasil vs Panamá fútbol site:laestrella.com.pa"
[2026-06-01T00:46:56.474Z] [INFO] [2026-06-01T00:46:56.470Z] [INFO] [WebSearch] Searching: "Brasil vs Panamá partido noticias Panamá"
[2026-06-01T00:46:59.526Z] [INFO] [2026-06-01T00:46:59.521Z] [INFO] [WebSearch] Searching: "Brasil Panamá fútbol partido 2026 noticias"
[2026-06-01T00:46:59.649Z] [INFO] [2026-06-01T00:46:59.648Z] [INFO] [WebSearch] Searching: ""Brasil" "Panamá" fútbol noticias prensa.com panamá"
[2026-06-01T00:47:02.673Z] [INFO] [2026-06-01T00:47:02.670Z] [INFO] [AgentTool] Spawnando sub-agente "browser" para task sub_1780274822669_uzyd
[2026-06-01T00:47:02.681Z] [INFO] [2026-06-01T00:47:02.677Z] [INFO] [SubAgentRunner] Agente "browser" nao encontrado, usando assistant
[2026-06-01T00:47:02.702Z] [INFO] [2026-06-01T00:47:02.699Z] [INFO] [SkillsManager] Skills relevantes: communication (score: 0.35), web-search (score: 0.25), python-dev (score: 0.20)
[2026-06-01T00:47:15.805Z] [INFO] [2026-06-01T00:47:15.802Z] [INFO] [SubAgentRunner] Task sub_1780274822669_uzyd concluida em 13127ms via assistant
[2026-06-01T00:48:27.018Z] [INFO] [2026-06-01T00:48:27.012Z] [INFO] [SkillsManager] 3 skills carregadas de C:\Developer\colabor-ai\skills
[2026-06-01T00:48:27.021Z] [INFO] [2026-06-01T00:48:27.020Z] [INFO] [SkillsManager] Skills relevantes: communication (score: 0.35), web-search (score: 0.25), python-dev (score: 0.20)
[2026-06-01T00:48:28.619Z] [INFO] [2026-06-01T00:48:28.618Z] [INFO] [SkillsManager] Skills relevantes: communication (score: 0.35), web-search (score: 0.25), python-dev (score: 0.20)
[2026-06-01T00:48:33.534Z] [INFO] [2026-06-01T00:48:33.533Z] [INFO] [SkillsManager] Skills relevantes: communication (score: 0.35), web-search (score: 0.25), python-dev (score: 0.20)
[2026-06-01T00:48:41.439Z] [INFO] [2026-06-01T00:48:41.434Z] [INFO] [SkillsManager] Skills relevantes: communication (score: 0.35), web-search (score: 0.25), python-dev (score: 0.20)
[2026-06-01T00:48:43.853Z] [INFO] [2026-06-01T00:48:43.851Z] [INFO] [SkillsManager] Skills relevantes: communication (score: 0.35), web-search (score: 0.25), python-dev (score: 0.20)
[2026-06-01T00:48:47.210Z] [INFO] [2026-06-01T00:48:47.208Z] [INFO] [Memory] Nota adicionada a 2026-05-31.md
[2026-06-01T00:50:23.604Z] [INFO] [2026-06-01T00:50:23.603Z] [INFO] [SkillsManager] 3 skills carregadas de C:\Developer\colabor-ai\skills
[2026-06-01T00:50:23.605Z] [INFO] [2026-06-01T00:50:23.604Z] [INFO] [SkillsManager] Skills relevantes: communication (score: 0.35), web-search (score: 0.25), python-dev (score: 0.20)
[2026-06-01T00:50:29.183Z] [INFO] [2026-06-01T00:50:29.182Z] [INFO] [SkillsManager] Skills relevantes: communication (score: 0.35), web-search (score: 0.25), python-dev (score: 0.20)
[2026-06-01T00:50:41.080Z] [INFO] [2026-06-01T00:50:41.080Z] [INFO] [SkillsManager] Skills relevantes: communication (score: 0.35), web-search (score: 0.25), python-dev (score: 0.20)
[2026-06-01T00:50:42.527Z] [INFO] [2026-06-01T00:50:42.525Z] [INFO] [SkillsManager] Skills relevantes: communication (score: 0.35), web-search (score: 0.25), python-dev (score: 0.20)
[2026-06-01T00:50:45.618Z] [INFO] [2026-06-01T00:50:45.617Z] [INFO] [SkillsManager] Skills relevantes: communication (score: 0.35), web-search (score: 0.25), python-dev (score: 0.20)
[2026-06-01T00:51:00.204Z] [INFO] [2026-06-01T00:51:00.203Z] [INFO] [SkillsManager] 3 skills carregadas de C:\Developer\colabor-ai\skills
[2026-06-01T00:51:00.206Z] [INFO] [2026-06-01T00:51:00.205Z] [INFO] [SkillsManager] Skills relevantes: communication (score: 0.35), web-search (score: 0.25), python-dev (score: 0.20)
[2026-06-01T00:51:02.262Z] [INFO] [2026-06-01T00:51:02.261Z] [INFO] [SkillsManager] Skills relevantes: communication (score: 0.35), web-search (score: 0.25), python-dev (score: 0.20)
[2026-06-01T00:51:05.458Z] [INFO] [2026-06-01T00:51:05.457Z] [INFO] [Memory] Nota adicionada a 2026-05-31.md
[2026-06-01T00:52:06.810Z] [INFO] [2026-06-01T00:52:06.810Z] [INFO] [SkillsManager] 3 skills carregadas de C:\Developer\colabor-ai\skills
[2026-06-01T00:52:06.814Z] [INFO] [2026-06-01T00:52:06.811Z] [INFO] [SkillsManager] Skills relevantes: communication (score: 0.35), web-search (score: 0.25), python-dev (score: 0.20)
[2026-06-01T00:52:09.556Z] [INFO] [2026-06-01T00:52:09.555Z] [INFO] [SkillsManager] Skills relevantes: communication (score: 0.35), web-search (score: 0.25), python-dev (score: 0.20)
[2026-06-01T00:52:21.166Z] [INFO] [2026-06-01T00:52:21.159Z] [INFO] [SkillsManager] Skills relevantes: communication (score: 0.35), web-search (score: 0.25), python-dev (score: 0.20)
[2026-06-01T00:52:22.646Z] [INFO] [2026-06-01T00:52:22.645Z] [INFO] [SkillsManager] Skills relevantes: communication (score: 0.35), web-search (score: 0.25), python-dev (score: 0.20)
[2026-06-01T00:52:26.119Z] [INFO] [2026-06-01T00:52:26.115Z] [INFO] [SkillsManager] Skills relevantes: communication (score: 0.35), web-search (score: 0.25), python-dev (score: 0.20)
[2026-06-01T00:52:29.643Z] [INFO] [2026-06-01T00:52:29.642Z] [INFO] [SkillsManager] Skills relevantes: communication (score: 0.35), web-search (score: 0.25), python-dev (score: 0.20)
[2026-06-01T00:52:31.457Z] [INFO] [2026-06-01T00:52:31.456Z] [INFO] [SkillsManager] Skills relevantes: communication (score: 0.35), web-search (score: 0.25), python-dev (score: 0.20)
[2026-06-01T00:52:33.994Z] [INFO] [2026-06-01T00:52:33.992Z] [INFO] [Memory] Nota adicionada a 2026-05-31.md
[2026-06-01T00:53:51.123Z] [INFO] [2026-06-01T00:53:51.121Z] [INFO] [SkillsManager] 3 skills carregadas de C:\Developer\colabor-ai\skills
[2026-06-01T00:53:51.125Z] [INFO] [2026-06-01T00:53:51.124Z] [INFO] [SkillsManager] Skills relevantes: communication (score: 0.35), web-search (score: 0.25), python-dev (score: 0.20)
[2026-06-01T00:53:54.349Z] [INFO] [2026-06-01T00:53:54.347Z] [INFO] [SkillsManager] Skills relevantes: communication (score: 0.35), web-search (score: 0.25), python-dev (score: 0.20)
[2026-06-01T00:54:09.743Z] [INFO] [2026-06-01T00:54:09.736Z] [INFO] [SkillsManager] Skills relevantes: communication (score: 0.35), web-search (score: 0.25), python-dev (score: 0.20)
[2026-06-01T00:54:11.456Z] [INFO] [2026-06-01T00:54:11.455Z] [INFO] [SkillsManager] Skills relevantes: communication (score: 0.35), web-search (score: 0.25), python-dev (score: 0.20)
[2026-06-01T00:54:15.180Z] [INFO] [2026-06-01T00:54:15.179Z] [INFO] [SkillsManager] Skills relevantes: communication (score: 0.35), web-search (score: 0.25), python-dev (score: 0.20)
[2026-06-01T00:54:19.166Z] [INFO] [2026-06-01T00:54:19.165Z] [INFO] [SkillsManager] Skills relevantes: communication (score: 0.35), web-search (score: 0.25), python-dev (score: 0.20)
[2026-06-01T00:54:20.898Z] [INFO] [2026-06-01T00:54:20.896Z] [INFO] [SkillsManager] Skills relevantes: communication (score: 0.35), web-search (score: 0.25), python-dev (score: 0.20)
[2026-06-01T00:54:24.310Z] [INFO] [2026-06-01T00:54:24.308Z] [INFO] [Memory] Nota adicionada a 2026-05-31.md
[2026-06-01T00:55:26.356Z] [INFO] [2026-06-01T00:55:26.355Z] [INFO] [SkillsManager] 3 skills carregadas de C:\Developer\colabor-ai\skills
[2026-06-01T00:55:26.357Z] [INFO] [2026-06-01T00:55:26.356Z] [INFO] [SkillsManager] Skills relevantes: communication (score: 0.35), web-search (score: 0.25), python-dev (score: 0.20)
[2026-06-01T00:55:29.739Z] [INFO] [2026-06-01T00:55:29.738Z] [INFO] [SkillsManager] Skills relevantes: communication (score: 0.35), web-search (score: 0.25), python-dev (score: 0.20)
[2026-06-01T00:55:47.348Z] [INFO] [2026-06-01T00:55:47.346Z] [INFO] [AgentTool] Spawnando sub-agente "writer" para task sub_1780275347346_c5du
[2026-06-01T00:55:47.351Z] [INFO] [2026-06-01T00:55:47.349Z] [INFO] [SubAgentRunner] Agente "writer" nao encontrado, usando assistant
[2026-06-01T00:55:47.366Z] [INFO] [2026-06-01T00:55:47.364Z] [INFO] [SkillsManager] Skills relevantes: communication (score: 0.35), web-search (score: 0.25), python-dev (score: 0.20)
[2026-06-01T00:56:32.189Z] [INFO] [2026-06-01T00:56:32.188Z] [INFO] [SubAgentRunner] Task sub_1780275347346_c5du concluida em 44839ms via assistant
[2026-06-01T00:57:41.590Z] [INFO] [2026-06-01T00:57:41.588Z] [INFO] [SkillsManager] 3 skills carregadas de C:\Developer\colabor-ai\skills
[2026-06-01T00:57:41.593Z] [INFO] [2026-06-01T00:57:41.592Z] [INFO] [SkillsManager] Skills relevantes: communication (score: 0.35), web-search (score: 0.25), python-dev (score: 0.20)
[2026-06-01T00:57:43.518Z] [INFO] [2026-06-01T00:57:43.517Z] [INFO] [SkillsManager] Skills relevantes: communication (score: 0.35), web-search (score: 0.25), python-dev (score: 0.20)
[2026-06-01T00:57:48.277Z] [INFO] [2026-06-01T00:57:48.276Z] [INFO] [SkillsManager] Skills relevantes: communication (score: 0.35), web-search (score: 0.25), python-dev (score: 0.20)
[2026-06-01T00:57:57.626Z] [INFO] [2026-06-01T00:57:57.625Z] [INFO] [SkillsManager] Skills relevantes: communication (score: 0.35), web-search (score: 0.25), python-dev (score: 0.20)
[2026-06-01T00:57:58.259Z] [INFO] [2026-06-01T00:57:58.258Z] [INFO] [SkillsManager] Skills relevantes: communication (score: 0.35), web-search (score: 0.25), python-dev (score: 0.20)
[2026-06-01T00:58:01.894Z] [INFO] [2026-06-01T00:58:01.893Z] [INFO] [Memory] Nota adicionada a 2026-05-31.md
[2026-06-01T00:59:58.288Z] [INFO] [2026-06-01T00:59:58.288Z] [INFO] [SkillsManager] 3 skills carregadas de C:\Developer\colabor-ai\skills
[2026-06-01T00:59:58.289Z] [INFO] [2026-06-01T00:59:58.289Z] [INFO] [SkillsManager] Skills relevantes: communication (score: 0.35), web-search (score: 0.25), python-dev (score: 0.20)
[2026-06-01T01:00:09.185Z] [INFO] [2026-06-01T01:00:09.183Z] [INFO] [SkillsManager] Skills relevantes: communication (score: 0.35), web-search (score: 0.25), python-dev (score: 0.20)
[2026-06-01T01:00:17.121Z] [INFO] [2026-06-01T01:00:17.121Z] [INFO] [SkillsManager] Skills relevantes: communication (score: 0.35), web-search (score: 0.25), python-dev (score: 0.20)
[2026-06-01T01:00:20.669Z] [INFO] [2026-06-01T01:00:20.669Z] [INFO] [SkillsManager] Skills relevantes: communication (score: 0.35), web-search (score: 0.25), python-dev (score: 0.20)
[2026-06-01T01:00:32.197Z] [INFO] [2026-06-01T01:00:32.196Z] [INFO] [Scheduler] Tarefa "resumo-noticias-pernambuco" agendada: 10 10 * * *
[2026-06-01T01:00:36.733Z] [INFO] [2026-06-01T01:00:36.728Z] [INFO] [SkillsManager] 3 skills carregadas de C:\Developer\colabor-ai\skills
[2026-06-01T01:00:36.736Z] [INFO] [2026-06-01T01:00:36.735Z] [INFO] [SkillsManager] Skills relevantes: communication (score: 0.35), web-search (score: 0.25), python-dev (score: 0.20)
[2026-06-01T01:00:37.369Z] [INFO] [2026-06-01T01:00:37.368Z] [INFO] [SkillsManager] Skills relevantes: communication (score: 0.35), web-search (score: 0.25), python-dev (score: 0.20)
[2026-06-01T01:00:42.924Z] [INFO] [2026-06-01T01:00:42.923Z] [INFO] [Memory] Nota adicionada a 2026-05-31.md
[2026-06-01T01:12:00.092Z] [INFO] [2026-06-01T01:12:00.091Z] [INFO] [SkillsManager] 3 skills carregadas de C:\Developer\colabor-ai\skills
[2026-06-01T01:12:00.093Z] [INFO] [2026-06-01T01:12:00.093Z] [INFO] [SkillsManager] Skills relevantes: communication (score: 0.35), web-search (score: 0.25), python-dev (score: 0.20)
[2026-06-01T01:12:05.683Z] [INFO] [2026-06-01T01:12:05.682Z] [INFO] [SkillsManager] Skills relevantes: communication (score: 0.35), web-search (score: 0.25), python-dev (score: 0.20)
[2026-06-01T01:12:24.285Z] [INFO] [2026-06-01T01:12:24.284Z] [INFO] [Scheduler] Tarefa "resumo-noticias-pernambuco" removida
[2026-06-01T01:12:24.288Z] [INFO] [2026-06-01T01:12:24.286Z] [INFO] [Scheduler] Tarefa "resumo-noticias-pernambuco" agendada: 0 0 30 2 *
[2026-06-01T01:12:29.185Z] [INFO] [2026-06-01T01:12:29.184Z] [INFO] [WebSearch] Searching: "Pernambuco notícias hoje junho 2026"
[2026-06-01T01:12:29.515Z] [INFO] [2026-06-01T01:12:29.513Z] [INFO] [WebSearch] Searching: "G1 Pernambuco últimas notícias"
[2026-06-01T01:12:29.646Z] [INFO] [2026-06-01T01:12:29.645Z] [INFO] [WebSearch] Searching: "Folha de Pernambuco notícias hoje"
[2026-06-01T01:12:51.701Z] [INFO] [2026-06-01T01:12:51.699Z] [INFO] [SkillsManager] 3 skills carregadas de C:\Developer\colabor-ai\skills
[2026-06-01T01:12:51.704Z] [INFO] [2026-06-01T01:12:51.703Z] [INFO] [SkillsManager] Skills relevantes: communication (score: 0.35), web-search (score: 0.25), python-dev (score: 0.20)
[2026-06-01T01:12:52.339Z] [INFO] [2026-06-01T01:12:52.338Z] [INFO] [SkillsManager] Skills relevantes: communication (score: 0.35), web-search (score: 0.25), python-dev (score: 0.20)
[2026-06-01T01:12:56.660Z] [INFO] [2026-06-01T01:12:56.659Z] [INFO] [SkillsManager] Skills relevantes: communication (score: 0.35), web-search (score: 0.25), python-dev (score: 0.20)
[2026-06-01T01:13:11.408Z] [INFO] [2026-06-01T01:13:11.402Z] [INFO] [SkillsManager] Skills relevantes: communication (score: 0.35), web-search (score: 0.25), python-dev (score: 0.20)
[2026-06-01T01:13:12.134Z] [INFO] [2026-06-01T01:13:12.133Z] [INFO] [SkillsManager] Skills relevantes: communication (score: 0.35), web-search (score: 0.25), python-dev (score: 0.20)
[2026-06-01T01:13:16.611Z] [INFO] [2026-06-01T01:13:16.609Z] [INFO] [Memory] Nota adicionada a 2026-05-31.md
[2026-06-01T01:14:09.510Z] [INFO] [2026-06-01T01:14:09.509Z] [INFO] [SkillsManager] 3 skills carregadas de C:\Developer\colabor-ai\skills
[2026-06-01T01:14:09.511Z] [INFO] [2026-06-01T01:14:09.510Z] [INFO] [SkillsManager] Skills relevantes: communication (score: 0.35), web-search (score: 0.25), python-dev (score: 0.20)
[2026-06-01T01:14:15.846Z] [INFO] [2026-06-01T01:14:15.846Z] [INFO] [SkillsManager] Skills relevantes: communication (score: 0.35), web-search (score: 0.25), python-dev (score: 0.20)
[2026-06-01T01:14:33.963Z] [INFO] [2026-06-01T01:14:33.962Z] [INFO] [SkillsManager] Skills relevantes: communication (score: 0.35), web-search (score: 0.25), python-dev (score: 0.20)
[2026-06-01T01:14:34.626Z] [INFO] [2026-06-01T01:14:34.626Z] [INFO] [SkillsManager] Skills relevantes: communication (score: 0.35), web-search (score: 0.25), python-dev (score: 0.20)
[2026-06-01T01:14:41.400Z] [INFO] [2026-06-01T01:14:41.400Z] [INFO] [SkillsManager] 3 skills carregadas de C:\Developer\colabor-ai\skills
[2026-06-01T01:14:41.402Z] [INFO] [2026-06-01T01:14:41.401Z] [INFO] [SkillsManager] Skills relevantes: communication (score: 0.35), web-search (score: 0.25), python-dev (score: 0.20)
[2026-06-01T01:14:46.310Z] [INFO] [2026-06-01T01:14:46.309Z] [INFO] [SkillsManager] Skills relevantes: communication (score: 0.35), web-search (score: 0.25), python-dev (score: 0.20)
[2026-06-01T01:14:47.065Z] [INFO] [2026-06-01T01:14:47.062Z] [INFO] [SkillsManager] Skills relevantes: communication (score: 0.35), web-search (score: 0.25), python-dev (score: 0.20)
[2026-06-01T01:14:52.024Z] [INFO] [2026-06-01T01:14:52.023Z] [INFO] [SkillsManager] Skills relevantes: communication (score: 0.35), web-search (score: 0.25), python-dev (score: 0.20)
[2026-06-01T01:14:59.936Z] [INFO] [2026-06-01T01:14:59.935Z] [INFO] [SkillsManager] Skills relevantes: communication (score: 0.35), web-search (score: 0.25), python-dev (score: 0.20)
[2026-06-01T01:15:00.821Z] [INFO] [2026-06-01T01:15:00.821Z] [INFO] [SkillsManager] Skills relevantes: communication (score: 0.35), web-search (score: 0.25), python-dev (score: 0.20)
[2026-06-01T01:15:06.276Z] [INFO] [2026-06-01T01:15:06.275Z] [INFO] [Memory] Nota adicionada a 2026-05-31.md
[2026-06-01T01:16:33.247Z] [INFO] [2026-06-01T01:16:33.246Z] [INFO] [SkillsManager] 3 skills carregadas de C:\Developer\colabor-ai\skills
[2026-06-01T01:16:33.248Z] [INFO] [2026-06-01T01:16:33.248Z] [INFO] [SkillsManager] Skills relevantes: communication (score: 0.35), web-search (score: 0.25), python-dev (score: 0.20)
[2026-06-01T01:16:37.784Z] [INFO] [2026-06-01T01:16:37.779Z] [INFO] [SkillsManager] Skills relevantes: communication (score: 0.35), web-search (score: 0.25), python-dev (score: 0.20)
[2026-06-01T01:16:44.760Z] [INFO] [2026-06-01T01:16:44.759Z] [INFO] [SkillsManager] Skills relevantes: communication (score: 0.35), web-search (score: 0.25), python-dev (score: 0.20)
[2026-06-01T01:16:49.244Z] [INFO] [2026-06-01T01:16:49.243Z] [INFO] [SkillsManager] Skills relevantes: communication (score: 0.35), web-search (score: 0.25), python-dev (score: 0.20)
[2026-06-01T01:17:56.409Z] [INFO] [2026-06-01T01:17:56.408Z] [INFO] [SkillsManager] 3 skills carregadas de C:\Developer\colabor-ai\skills
[2026-06-01T01:17:56.413Z] [INFO] [2026-06-01T01:17:56.411Z] [INFO] [SkillsManager] Skills relevantes: communication (score: 0.35), web-search (score: 0.25), python-dev (score: 0.20)
[2026-06-01T01:17:57.402Z] [INFO] [2026-06-01T01:17:57.399Z] [INFO] [SkillsManager] Skills relevantes: communication (score: 0.35), web-search (score: 0.25), python-dev (score: 0.20)
[2026-06-01T01:18:02.924Z] [INFO] [2026-06-01T01:18:02.923Z] [INFO] [Memory] Nota adicionada a 2026-05-31.md
[2026-06-01T01:18:03.263Z] [WARN] [2026-06-01T01:18:03.260Z] [WARN] [Telegram] Mensagem longa (6224 chars) - dividindo em partes
[2026-06-01T01:18:58.275Z] [INFO] [2026-06-01T01:18:58.275Z] [INFO] [SkillsManager] 3 skills carregadas de C:\Developer\colabor-ai\skills
[2026-06-01T01:18:58.276Z] [INFO] [2026-06-01T01:18:58.276Z] [INFO] [SkillsManager] Skills relevantes: communication (score: 0.35), web-search (score: 0.25), python-dev (score: 0.20)
[2026-06-01T01:19:03.853Z] [INFO] [2026-06-01T01:19:03.851Z] [INFO] [SkillsManager] Skills relevantes: communication (score: 0.35), web-search (score: 0.25), python-dev (score: 0.20)
[2026-06-01T01:19:11.952Z] [INFO] [2026-06-01T01:19:11.951Z] [INFO] [SkillsManager] Skills relevantes: communication (score: 0.35), web-search (score: 0.25), python-dev (score: 0.20)
[2026-06-01T01:19:16.664Z] [INFO] [2026-06-01T01:19:16.663Z] [INFO] [SkillsManager] Skills relevantes: communication (score: 0.35), web-search (score: 0.25), python-dev (score: 0.20)
